This is pdfTeX, Version 3.1415926-1.40.10 (MiKTeX 2.8) (preloaded format=pdflatex 2011.2.5)  7 FEB 2011 05:28
entering extended mode
**C:/latex-samples/tufte-latex-3.5.0/specon/Completion-all.tex
(C:/latex-samples/tufte-latex-3.5.0/specon/Completion-all.tex
LaTeX2e <2009/09/24>
Babel <v3.8l> and hyphenation patterns for english, dumylang, nohyphenation, ge
rman, ngerman, german-x-2009-06-19, ngerman-x-2009-06-19, french, greek, monogr
eek, ancientgreek, icelandic, italian, latin, dutch, portuguese, loaded.

! LaTeX Error: Environment fullwidth undefined.

See the LaTeX manual or LaTeX Companion for explanation.
Type  H <return>  for immediate help.
 ...                                              
                                                  
l.2 \begin{fullwidth}
                     
? 
! Emergency stop.
 ...                                              
                                                  
l.2 \begin{fullwidth}
                     
Your command was ignored.
Type  I <command> <return>  to replace it with another command,
or  <return>  to continue without it.

 
Here is how much of TeX's memory you used:
 9 strings out of 495112
 397 string characters out of 3175721
 45398 words of memory out of 3000000
 3335 multiletter control sequences out of 15000+200000
 3640 words of font info for 14 fonts, out of 3000000 for 9000
 101 hyphenation exceptions out of 8191
 5i,0n,4p,90b,16s stack positions out of 5000i,500n,10000p,200000b,50000s
!  ==> Fatal error occurred, no output PDF file produced!
